2023-02-04 22:27:00,218 - mmcls - INFO - Environment info:
------------------------------------------------------------
sys.platform: linux
Python: 3.8.16 (default, Jan 17 2023, 23:13:24) [GCC 11.2.0]
CUDA available: True
GPU 0: NVIDIA GeForce RTX 3090
CUDA_HOME: /data/apps/cuda/11.1
NVCC: Cuda compilation tools, release 11.1, V11.1.74
GCC: gcc (GCC) 7.3.0
PyTorch: 1.10.0+cu111
PyTorch compiling details: PyTorch built with:
  - GCC 7.3
  - C++ Version: 201402
  - Intel(R) Math Kernel Library Version 2020.0.0 Product Build 20191122 for Intel(R) 64 architecture applications
  - Intel(R) MKL-DNN v2.2.3 (Git Hash 7336ca9f055cf1bfa13efb658fe15dc9b41f0740)
  - OpenMP 201511 (a.k.a. OpenMP 4.5)
  - LAPACK is enabled (usually provided by MKL)
  - NNPACK is enabled
  - CPU capability usage: AVX2
  - CUDA Runtime 11.1
  - NVCC architecture flags: -gencode;arch=compute_37,code=sm_37;-gencode;arch=compute_50,code=sm_50;-gencode;arch=compute_60,code=sm_60;-gencode;arch=compute_70,code=sm_70;-gencode;arch=compute_75,code=sm_75;-gencode;arch=compute_80,code=sm_80;-gencode;arch=compute_86,code=sm_86
  - CuDNN 8.0.5
  - Magma 2.5.2
  - Build settings: BLAS_INFO=mkl, BUILD_TYPE=Release, CUDA_VERSION=11.1, CUDNN_VERSION=8.0.5, CXX_COMPILER=/opt/rh/devtoolset-7/root/usr/bin/c++, CXX_FLAGS= -Wno-deprecated -fvisibility-inlines-hidden -DUSE_PTHREADPOOL -fopenmp -DNDEBUG -DUSE_KINETO -DUSE_FBGEMM -DUSE_QNNPACK -DUSE_PYTORCH_QNNPACK -DUSE_XNNPACK -DSYMBOLICATE_MOBILE_DEBUG_HANDLE -DEDGE_PROFILER_USE_KINETO -O2 -fPIC -Wno-narrowing -Wall -Wextra -Werror=return-type -Wno-missing-field-initializers -Wno-type-limits -Wno-array-bounds -Wno-unknown-pragmas -Wno-sign-compare -Wno-unused-parameter -Wno-unused-variable -Wno-unused-function -Wno-unused-result -Wno-unused-local-typedefs -Wno-strict-overflow -Wno-strict-aliasing -Wno-error=deprecated-declarations -Wno-stringop-overflow -Wno-psabi -Wno-error=pedantic -Wno-error=redundant-decls -Wno-error=old-style-cast -fdiagnostics-color=always -faligned-new -Wno-unused-but-set-variable -Wno-maybe-uninitialized -fno-math-errno -fno-trapping-math -Werror=format -Wno-stringop-overflow, LAPACK_INFO=mkl, PERF_WITH_AVX=1, PERF_WITH_AVX2=1, PERF_WITH_AVX512=1, TORCH_VERSION=1.10.0, USE_CUDA=ON, USE_CUDNN=ON, USE_EXCEPTION_PTR=1, USE_GFLAGS=OFF, USE_GLOG=OFF, USE_MKL=ON, USE_MKLDNN=ON, USE_MPI=OFF, USE_NCCL=ON, USE_NNPACK=ON, USE_OPENMP=ON, 

TorchVision: 0.11.0+cu111
OpenCV: 4.7.0
MMCV: 1.7.0
MMCV Compiler: GCC 7.3
MMCV CUDA Compiler: 11.1
MMClassification: 0.25.0+
------------------------------------------------------------

2023-02-04 22:27:00,219 - mmcls - INFO - Distributed training: False
2023-02-04 22:27:00,316 - mmcls - INFO - Config:
model = dict(
    type='ImageClassifier',
    backbone=dict(
        type='ResNet',
        depth=18,
        num_stages=4,
        out_indices=(3, ),
        style='pytorch'),
    neck=dict(type='GlobalAveragePooling'),
    head=dict(
        type='LinearClsHead',
        num_classes=5,
        in_channels=512,
        loss=dict(type='CrossEntropyLoss', loss_weight=1.0),
        topk=(1, )))
dataset_type = 'ImageNet'
img_norm_cfg = dict(
    mean=[123.675, 116.28, 103.53], std=[58.395, 57.12, 57.375], to_rgb=True)
train_pipeline = [
    dict(type='LoadImageFromFile'),
    dict(type='RandomResizedCrop', size=224),
    dict(type='RandomFlip', flip_prob=0.5, direction='horizontal'),
    dict(
        type='Normalize',
        mean=[123.675, 116.28, 103.53],
        std=[58.395, 57.12, 57.375],
        to_rgb=True),
    dict(type='ImageToTensor', keys=['img']),
    dict(type='ToTensor', keys=['gt_label']),
    dict(type='Collect', keys=['img', 'gt_label'])
]
test_pipeline = [
    dict(type='LoadImageFromFile'),
    dict(type='Resize', size=(256, -1)),
    dict(type='CenterCrop', crop_size=224),
    dict(
        type='Normalize',
        mean=[123.675, 116.28, 103.53],
        std=[58.395, 57.12, 57.375],
        to_rgb=True),
    dict(type='ImageToTensor', keys=['img']),
    dict(type='Collect', keys=['img'])
]
data = dict(
    samples_per_gpu=32,
    workers_per_gpu=2,
    train=dict(
        type='ImageNet',
        data_prefix='data/flower/train',
        pipeline=[
            dict(type='LoadImageFromFile'),
            dict(type='RandomResizedCrop', size=224),
            dict(type='RandomFlip', flip_prob=0.5, direction='horizontal'),
            dict(
                type='Normalize',
                mean=[123.675, 116.28, 103.53],
                std=[58.395, 57.12, 57.375],
                to_rgb=True),
            dict(type='ImageToTensor', keys=['img']),
            dict(type='ToTensor', keys=['gt_label']),
            dict(type='Collect', keys=['img', 'gt_label'])
        ],
        ann_file='data/flower/train.txt',
        classes='data/flower/classes.txt'),
    val=dict(
        type='ImageNet',
        data_prefix='data/flower/val',
        ann_file='data/flower/val.txt',
        pipeline=[
            dict(type='LoadImageFromFile'),
            dict(type='Resize', size=(256, -1)),
            dict(type='CenterCrop', crop_size=224),
            dict(
                type='Normalize',
                mean=[123.675, 116.28, 103.53],
                std=[58.395, 57.12, 57.375],
                to_rgb=True),
            dict(type='ImageToTensor', keys=['img']),
            dict(type='Collect', keys=['img'])
        ],
        classes='data/flower/classes.txt'),
    test=dict(
        type='ImageNet',
        data_prefix='data/imagenet/val',
        ann_file='data/imagenet/meta/val.txt',
        pipeline=[
            dict(type='LoadImageFromFile'),
            dict(type='Resize', size=(256, -1)),
            dict(type='CenterCrop', crop_size=224),
            dict(
                type='Normalize',
                mean=[123.675, 116.28, 103.53],
                std=[58.395, 57.12, 57.375],
                to_rgb=True),
            dict(type='ImageToTensor', keys=['img']),
            dict(type='Collect', keys=['img'])
        ]))
evaluation = dict(interval=1, metric='accuracy')
checkpoint_config = dict(interval=1)
log_config = dict(interval=100, hooks=[dict(type='TextLoggerHook')])
dist_params = dict(backend='nccl')
log_level = 'INFO'
load_from = '/HOME/scz0bca/run/mmclassification-master/checkpoints/resnet18_batch256_imagenet_20200708-34ab8f90.pth'
resume_from = None
workflow = [('train', 1)]
optimizer = dict(type='SGD', lr=0.001, momentum=0.9, weight_decay=0.0001)
optimizer_config = dict(grad_clip=None)
lr_config = dict(policy='step', step=[1])
runner = dict(type='EpochBasedRunner', max_epochs=100)
work_dir = 'work/resnet18_b32_flower'
gpu_ids = [0]

2023-02-04 22:27:00,318 - mmcls - INFO - Set random seed to 818238404, deterministic: False
2023-02-04 22:27:00,502 - mmcls - INFO - initialize ResNet with init_cfg [{'type': 'Kaiming', 'layer': ['Conv2d']}, {'type': 'Constant', 'val': 1, 'layer': ['_BatchNorm', 'GroupNorm']}]
2023-02-04 22:27:00,649 - mmcls - INFO - initialize LinearClsHead with init_cfg {'type': 'Normal', 'layer': 'Linear', 'std': 0.01}
Name of parameter - Initialization information

backbone.conv1.weight - torch.Size([64, 3, 7, 7]): 
KaimingInit: a=0, mode=fan_out, nonlinearity=relu, distribution =normal, bias=0 

backbone.bn1.weight - torch.Size([64]): 
The value is the same before and after calling `init_weights` of ImageClassifier  

backbone.bn1.bias - torch.Size([64]): 
The value is the same before and after calling `init_weights` of ImageClassifier  

backbone.layer1.0.conv1.weight - torch.Size([64, 64, 3, 3]): 
KaimingInit: a=0, mode=fan_out, nonlinearity=relu, distribution =normal, bias=0 

backbone.layer1.0.bn1.weight - torch.Size([64]): 
The value is the same before and after calling `init_weights` of ImageClassifier  

backbone.layer1.0.bn1.bias - torch.Size([64]): 
The value is the same before and after calling `init_weights` of ImageClassifier  

backbone.layer1.0.conv2.weight - torch.Size([64, 64, 3, 3]): 
KaimingInit: a=0, mode=fan_out, nonlinearity=relu, distribution =normal, bias=0 

backbone.layer1.0.bn2.weight - torch.Size([64]): 
Initialized by user-defined `init_weights` in ResNet  

backbone.layer1.0.bn2.bias - torch.Size([64]): 
The value is the same before and after calling `init_weights` of ImageClassifier  

backbone.layer1.1.conv1.weight - torch.Size([64, 64, 3, 3]): 
KaimingInit: a=0, mode=fan_out, nonlinearity=relu, distribution =normal, bias=0 

backbone.layer1.1.bn1.weight - torch.Size([64]): 
The value is the same before and after calling `init_weights` of ImageClassifier  

backbone.layer1.1.bn1.bias - torch.Size([64]): 
The value is the same before and after calling `init_weights` of ImageClassifier  

backbone.layer1.1.conv2.weight - torch.Size([64, 64, 3, 3]): 
KaimingInit: a=0, mode=fan_out, nonlinearity=relu, distribution =normal, bias=0 

backbone.layer1.1.bn2.weight - torch.Size([64]): 
Initialized by user-defined `init_weights` in ResNet  

backbone.layer1.1.bn2.bias - torch.Size([64]): 
The value is the same before and after calling `init_weights` of ImageClassifier  

backbone.layer2.0.conv1.weight - torch.Size([128, 64, 3, 3]): 
KaimingInit: a=0, mode=fan_out, nonlinearity=relu, distribution =normal, bias=0 

backbone.layer2.0.bn1.weight - torch.Size([128]): 
The value is the same before and after calling `init_weights` of ImageClassifier  

backbone.layer2.0.bn1.bias - torch.Size([128]): 
The value is the same before and after calling `init_weights` of ImageClassifier  

backbone.layer2.0.conv2.weight - torch.Size([128, 128, 3, 3]): 
KaimingInit: a=0, mode=fan_out, nonlinearity=relu, distribution =normal, bias=0 

backbone.layer2.0.bn2.weight - torch.Size([128]): 
Initialized by user-defined `init_weights` in ResNet  

backbone.layer2.0.bn2.bias - torch.Size([128]): 
The value is the same before and after calling `init_weights` of ImageClassifier  

backbone.layer2.0.downsample.0.weight - torch.Size([128, 64, 1, 1]): 
KaimingInit: a=0, mode=fan_out, nonlinearity=relu, distribution =normal, bias=0 

backbone.layer2.0.downsample.1.weight - torch.Size([128]): 
The value is the same before and after calling `init_weights` of ImageClassifier  

backbone.layer2.0.downsample.1.bias - torch.Size([128]): 
The value is the same before and after calling `init_weights` of ImageClassifier  

backbone.layer2.1.conv1.weight - torch.Size([128, 128, 3, 3]): 
KaimingInit: a=0, mode=fan_out, nonlinearity=relu, distribution =normal, bias=0 

backbone.layer2.1.bn1.weight - torch.Size([128]): 
The value is the same before and after calling `init_weights` of ImageClassifier  

backbone.layer2.1.bn1.bias - torch.Size([128]): 
The value is the same before and after calling `init_weights` of ImageClassifier  

backbone.layer2.1.conv2.weight - torch.Size([128, 128, 3, 3]): 
KaimingInit: a=0, mode=fan_out, nonlinearity=relu, distribution =normal, bias=0 

backbone.layer2.1.bn2.weight - torch.Size([128]): 
Initialized by user-defined `init_weights` in ResNet  

backbone.layer2.1.bn2.bias - torch.Size([128]): 
The value is the same before and after calling `init_weights` of ImageClassifier  

backbone.layer3.0.conv1.weight - torch.Size([256, 128, 3, 3]): 
KaimingInit: a=0, mode=fan_out, nonlinearity=relu, distribution =normal, bias=0 

backbone.layer3.0.bn1.weight - torch.Size([256]): 
The value is the same before and after calling `init_weights` of ImageClassifier  

backbone.layer3.0.bn1.bias - torch.Size([256]): 
The value is the same before and after calling `init_weights` of ImageClassifier  

backbone.layer3.0.conv2.weight - torch.Size([256, 256, 3, 3]): 
KaimingInit: a=0, mode=fan_out, nonlinearity=relu, distribution =normal, bias=0 

backbone.layer3.0.bn2.weight - torch.Size([256]): 
Initialized by user-defined `init_weights` in ResNet  

backbone.layer3.0.bn2.bias - torch.Size([256]): 
The value is the same before and after calling `init_weights` of ImageClassifier  

backbone.layer3.0.downsample.0.weight - torch.Size([256, 128, 1, 1]): 
KaimingInit: a=0, mode=fan_out, nonlinearity=relu, distribution =normal, bias=0 

backbone.layer3.0.downsample.1.weight - torch.Size([256]): 
The value is the same before and after calling `init_weights` of ImageClassifier  

backbone.layer3.0.downsample.1.bias - torch.Size([256]): 
The value is the same before and after calling `init_weights` of ImageClassifier  

backbone.layer3.1.conv1.weight - torch.Size([256, 256, 3, 3]): 
KaimingInit: a=0, mode=fan_out, nonlinearity=relu, distribution =normal, bias=0 

backbone.layer3.1.bn1.weight - torch.Size([256]): 
The value is the same before and after calling `init_weights` of ImageClassifier  

backbone.layer3.1.bn1.bias - torch.Size([256]): 
The value is the same before and after calling `init_weights` of ImageClassifier  

backbone.layer3.1.conv2.weight - torch.Size([256, 256, 3, 3]): 
KaimingInit: a=0, mode=fan_out, nonlinearity=relu, distribution =normal, bias=0 

backbone.layer3.1.bn2.weight - torch.Size([256]): 
Initialized by user-defined `init_weights` in ResNet  

backbone.layer3.1.bn2.bias - torch.Size([256]): 
The value is the same before and after calling `init_weights` of ImageClassifier  

backbone.layer4.0.conv1.weight - torch.Size([512, 256, 3, 3]): 
KaimingInit: a=0, mode=fan_out, nonlinearity=relu, distribution =normal, bias=0 

backbone.layer4.0.bn1.weight - torch.Size([512]): 
The value is the same before and after calling `init_weights` of ImageClassifier  

backbone.layer4.0.bn1.bias - torch.Size([512]): 
The value is the same before and after calling `init_weights` of ImageClassifier  

backbone.layer4.0.conv2.weight - torch.Size([512, 512, 3, 3]): 
KaimingInit: a=0, mode=fan_out, nonlinearity=relu, distribution =normal, bias=0 

backbone.layer4.0.bn2.weight - torch.Size([512]): 
Initialized by user-defined `init_weights` in ResNet  

backbone.layer4.0.bn2.bias - torch.Size([512]): 
The value is the same before and after calling `init_weights` of ImageClassifier  

backbone.layer4.0.downsample.0.weight - torch.Size([512, 256, 1, 1]): 
KaimingInit: a=0, mode=fan_out, nonlinearity=relu, distribution =normal, bias=0 

backbone.layer4.0.downsample.1.weight - torch.Size([512]): 
The value is the same before and after calling `init_weights` of ImageClassifier  

backbone.layer4.0.downsample.1.bias - torch.Size([512]): 
The value is the same before and after calling `init_weights` of ImageClassifier  

backbone.layer4.1.conv1.weight - torch.Size([512, 512, 3, 3]): 
KaimingInit: a=0, mode=fan_out, nonlinearity=relu, distribution =normal, bias=0 

backbone.layer4.1.bn1.weight - torch.Size([512]): 
The value is the same before and after calling `init_weights` of ImageClassifier  

backbone.layer4.1.bn1.bias - torch.Size([512]): 
The value is the same before and after calling `init_weights` of ImageClassifier  

backbone.layer4.1.conv2.weight - torch.Size([512, 512, 3, 3]): 
KaimingInit: a=0, mode=fan_out, nonlinearity=relu, distribution =normal, bias=0 

backbone.layer4.1.bn2.weight - torch.Size([512]): 
Initialized by user-defined `init_weights` in ResNet  

backbone.layer4.1.bn2.bias - torch.Size([512]): 
The value is the same before and after calling `init_weights` of ImageClassifier  

head.fc.weight - torch.Size([5, 512]): 
NormalInit: mean=0, std=0.01, bias=0 

head.fc.bias - torch.Size([5]): 
NormalInit: mean=0, std=0.01, bias=0 
2023-02-04 22:27:05,713 - mmcls - INFO - load checkpoint from local path: /HOME/scz0bca/run/mmclassification-master/checkpoints/resnet18_batch256_imagenet_20200708-34ab8f90.pth
2023-02-04 22:27:05,791 - mmcls - WARNING - The model and loaded state dict do not match exactly

size mismatch for head.fc.weight: copying a param with shape torch.Size([1000, 512]) from checkpoint, the shape in current model is torch.Size([5, 512]).
size mismatch for head.fc.bias: copying a param with shape torch.Size([1000]) from checkpoint, the shape in current model is torch.Size([5]).
2023-02-04 22:27:05,791 - mmcls - INFO - Start running, host: scz0bca@g0001, work_dir: /data/run01/scz0bca/mmclassification-master/work/resnet18_b32_flower
2023-02-04 22:27:05,791 - mmcls - INFO - Hooks will be executed in the following order:
before_run:
(VERY_HIGH   ) StepLrUpdaterHook                  
(NORMAL      ) CheckpointHook                     
(LOW         ) EvalHook                           
(VERY_LOW    ) TextLoggerHook                     
 -------------------- 
before_train_epoch:
(VERY_HIGH   ) StepLrUpdaterHook                  
(LOW         ) IterTimerHook                      
(LOW         ) EvalHook                           
(VERY_LOW    ) TextLoggerHook                     
 -------------------- 
before_train_iter:
(VERY_HIGH   ) StepLrUpdaterHook                  
(LOW         ) IterTimerHook                      
(LOW         ) EvalHook                           
 -------------------- 
after_train_iter:
(ABOVE_NORMAL) OptimizerHook                      
(NORMAL      ) CheckpointHook                     
(LOW         ) IterTimerHook                      
(LOW         ) EvalHook                           
(VERY_LOW    ) TextLoggerHook                     
 -------------------- 
after_train_epoch:
(NORMAL      ) CheckpointHook                     
(LOW         ) EvalHook                           
(VERY_LOW    ) TextLoggerHook                     
 -------------------- 
before_val_epoch:
(LOW         ) IterTimerHook                      
(VERY_LOW    ) TextLoggerHook                     
 -------------------- 
before_val_iter:
(LOW         ) IterTimerHook                      
 -------------------- 
after_val_iter:
(LOW         ) IterTimerHook                      
 -------------------- 
after_val_epoch:
(VERY_LOW    ) TextLoggerHook                     
 -------------------- 
after_run:
(VERY_LOW    ) TextLoggerHook                     
 -------------------- 
2023-02-04 22:27:05,792 - mmcls - INFO - workflow: [('train', 1)], max: 100 epochs
2023-02-04 22:27:05,792 - mmcls - INFO - Checkpoints will be saved to /data/run01/scz0bca/mmclassification-master/work/resnet18_b32_flower by HardDiskBackend.
2023-02-04 22:27:12,958 - mmcls - INFO - Saving checkpoint at 1 epochs
2023-02-04 22:27:15,124 - mmcls - INFO - Epoch(val) [1][18]	accuracy_top-1: 91.4336, accuracy_top-5: 100.0000
2023-02-04 22:27:20,562 - mmcls - INFO - Saving checkpoint at 2 epochs
2023-02-04 22:27:21,529 - mmcls - INFO - Epoch(val) [2][18]	accuracy_top-1: 93.3566, accuracy_top-5: 100.0000
2023-02-04 22:27:26,964 - mmcls - INFO - Saving checkpoint at 3 epochs
2023-02-04 22:27:27,940 - mmcls - INFO - Epoch(val) [3][18]	accuracy_top-1: 93.3566, accuracy_top-5: 100.0000
2023-02-04 22:27:33,335 - mmcls - INFO - Saving checkpoint at 4 epochs
2023-02-04 22:27:34,297 - mmcls - INFO - Epoch(val) [4][18]	accuracy_top-1: 93.3566, accuracy_top-5: 100.0000
2023-02-04 22:27:39,777 - mmcls - INFO - Saving checkpoint at 5 epochs
2023-02-04 22:27:40,732 - mmcls - INFO - Epoch(val) [5][18]	accuracy_top-1: 93.7063, accuracy_top-5: 100.0000
2023-02-04 22:27:46,174 - mmcls - INFO - Saving checkpoint at 6 epochs
2023-02-04 22:27:47,145 - mmcls - INFO - Epoch(val) [6][18]	accuracy_top-1: 93.7063, accuracy_top-5: 100.0000
2023-02-04 22:27:52,597 - mmcls - INFO - Saving checkpoint at 7 epochs
2023-02-04 22:27:53,567 - mmcls - INFO - Epoch(val) [7][18]	accuracy_top-1: 93.8811, accuracy_top-5: 100.0000
2023-02-04 22:27:59,055 - mmcls - INFO - Saving checkpoint at 8 epochs
2023-02-04 22:28:00,020 - mmcls - INFO - Epoch(val) [8][18]	accuracy_top-1: 94.4056, accuracy_top-5: 100.0000
2023-02-04 22:28:05,417 - mmcls - INFO - Saving checkpoint at 9 epochs
2023-02-04 22:28:06,385 - mmcls - INFO - Epoch(val) [9][18]	accuracy_top-1: 94.5804, accuracy_top-5: 100.0000
2023-02-04 22:28:11,833 - mmcls - INFO - Saving checkpoint at 10 epochs
2023-02-04 22:28:12,807 - mmcls - INFO - Epoch(val) [10][18]	accuracy_top-1: 94.7552, accuracy_top-5: 100.0000
2023-02-04 22:28:18,203 - mmcls - INFO - Saving checkpoint at 11 epochs
2023-02-04 22:28:19,171 - mmcls - INFO - Epoch(val) [11][18]	accuracy_top-1: 95.1049, accuracy_top-5: 100.0000
2023-02-04 22:28:24,586 - mmcls - INFO - Saving checkpoint at 12 epochs
2023-02-04 22:28:25,562 - mmcls - INFO - Epoch(val) [12][18]	accuracy_top-1: 94.4056, accuracy_top-5: 100.0000
2023-02-04 22:28:31,031 - mmcls - INFO - Saving checkpoint at 13 epochs
2023-02-04 22:28:32,002 - mmcls - INFO - Epoch(val) [13][18]	accuracy_top-1: 94.7552, accuracy_top-5: 100.0000
2023-02-04 22:28:37,412 - mmcls - INFO - Saving checkpoint at 14 epochs
2023-02-04 22:28:38,386 - mmcls - INFO - Epoch(val) [14][18]	accuracy_top-1: 94.2308, accuracy_top-5: 100.0000
2023-02-04 22:28:43,851 - mmcls - INFO - Saving checkpoint at 15 epochs
2023-02-04 22:28:44,827 - mmcls - INFO - Epoch(val) [15][18]	accuracy_top-1: 95.4545, accuracy_top-5: 100.0000
2023-02-04 22:28:50,275 - mmcls - INFO - Saving checkpoint at 16 epochs
2023-02-04 22:28:51,248 - mmcls - INFO - Epoch(val) [16][18]	accuracy_top-1: 95.2797, accuracy_top-5: 100.0000
2023-02-04 22:28:56,736 - mmcls - INFO - Saving checkpoint at 17 epochs
2023-02-04 22:28:57,730 - mmcls - INFO - Epoch(val) [17][18]	accuracy_top-1: 94.5804, accuracy_top-5: 100.0000
2023-02-04 22:29:03,177 - mmcls - INFO - Saving checkpoint at 18 epochs
2023-02-04 22:29:04,152 - mmcls - INFO - Epoch(val) [18][18]	accuracy_top-1: 95.6294, accuracy_top-5: 100.0000
2023-02-04 22:29:09,603 - mmcls - INFO - Saving checkpoint at 19 epochs
2023-02-04 22:29:10,596 - mmcls - INFO - Epoch(val) [19][18]	accuracy_top-1: 95.6294, accuracy_top-5: 100.0000
2023-02-04 22:29:16,075 - mmcls - INFO - Saving checkpoint at 20 epochs
2023-02-04 22:29:17,085 - mmcls - INFO - Epoch(val) [20][18]	accuracy_top-1: 95.8042, accuracy_top-5: 100.0000
2023-02-04 22:29:22,669 - mmcls - INFO - Saving checkpoint at 21 epochs
2023-02-04 22:29:23,673 - mmcls - INFO - Epoch(val) [21][18]	accuracy_top-1: 95.2797, accuracy_top-5: 100.0000
2023-02-04 22:29:29,245 - mmcls - INFO - Saving checkpoint at 22 epochs
2023-02-04 22:29:30,278 - mmcls - INFO - Epoch(val) [22][18]	accuracy_top-1: 95.9790, accuracy_top-5: 100.0000
2023-02-04 22:29:35,804 - mmcls - INFO - Saving checkpoint at 23 epochs
2023-02-04 22:29:36,797 - mmcls - INFO - Epoch(val) [23][18]	accuracy_top-1: 95.8042, accuracy_top-5: 100.0000
2023-02-04 22:29:42,318 - mmcls - INFO - Saving checkpoint at 24 epochs
2023-02-04 22:29:43,332 - mmcls - INFO - Epoch(val) [24][18]	accuracy_top-1: 95.8042, accuracy_top-5: 100.0000
2023-02-04 22:29:48,834 - mmcls - INFO - Saving checkpoint at 25 epochs
2023-02-04 22:29:49,812 - mmcls - INFO - Epoch(val) [25][18]	accuracy_top-1: 95.4545, accuracy_top-5: 100.0000
2023-02-04 22:29:55,289 - mmcls - INFO - Saving checkpoint at 26 epochs
2023-02-04 22:29:56,266 - mmcls - INFO - Epoch(val) [26][18]	accuracy_top-1: 95.9790, accuracy_top-5: 100.0000
2023-02-04 22:30:01,809 - mmcls - INFO - Saving checkpoint at 27 epochs
2023-02-04 22:30:02,785 - mmcls - INFO - Epoch(val) [27][18]	accuracy_top-1: 96.3287, accuracy_top-5: 100.0000
2023-02-04 22:30:08,269 - mmcls - INFO - Saving checkpoint at 28 epochs
2023-02-04 22:30:09,243 - mmcls - INFO - Epoch(val) [28][18]	accuracy_top-1: 95.4545, accuracy_top-5: 100.0000
2023-02-04 22:30:14,690 - mmcls - INFO - Saving checkpoint at 29 epochs
2023-02-04 22:30:15,670 - mmcls - INFO - Epoch(val) [29][18]	accuracy_top-1: 96.3287, accuracy_top-5: 100.0000
2023-02-04 22:30:21,133 - mmcls - INFO - Saving checkpoint at 30 epochs
2023-02-04 22:30:22,109 - mmcls - INFO - Epoch(val) [30][18]	accuracy_top-1: 96.3287, accuracy_top-5: 100.0000
2023-02-04 22:30:27,546 - mmcls - INFO - Saving checkpoint at 31 epochs
2023-02-04 22:30:28,534 - mmcls - INFO - Epoch(val) [31][18]	accuracy_top-1: 96.6783, accuracy_top-5: 100.0000
2023-02-04 22:30:33,982 - mmcls - INFO - Saving checkpoint at 32 epochs
2023-02-04 22:30:34,956 - mmcls - INFO - Epoch(val) [32][18]	accuracy_top-1: 96.1538, accuracy_top-5: 100.0000
2023-02-04 22:30:40,393 - mmcls - INFO - Saving checkpoint at 33 epochs
2023-02-04 22:30:41,364 - mmcls - INFO - Epoch(val) [33][18]	accuracy_top-1: 95.2797, accuracy_top-5: 100.0000
2023-02-04 22:30:46,847 - mmcls - INFO - Saving checkpoint at 34 epochs
2023-02-04 22:30:47,828 - mmcls - INFO - Epoch(val) [34][18]	accuracy_top-1: 96.6783, accuracy_top-5: 100.0000
2023-02-04 22:30:53,318 - mmcls - INFO - Saving checkpoint at 35 epochs
2023-02-04 22:30:54,297 - mmcls - INFO - Epoch(val) [35][18]	accuracy_top-1: 96.1538, accuracy_top-5: 100.0000
2023-02-04 22:30:59,763 - mmcls - INFO - Saving checkpoint at 36 epochs
2023-02-04 22:31:00,740 - mmcls - INFO - Epoch(val) [36][18]	accuracy_top-1: 95.9790, accuracy_top-5: 100.0000
2023-02-04 22:31:06,188 - mmcls - INFO - Saving checkpoint at 37 epochs
2023-02-04 22:31:07,166 - mmcls - INFO - Epoch(val) [37][18]	accuracy_top-1: 96.3287, accuracy_top-5: 100.0000
2023-02-04 22:31:12,606 - mmcls - INFO - Saving checkpoint at 38 epochs
2023-02-04 22:31:13,585 - mmcls - INFO - Epoch(val) [38][18]	accuracy_top-1: 96.5035, accuracy_top-5: 100.0000
2023-02-04 22:31:19,055 - mmcls - INFO - Saving checkpoint at 39 epochs
2023-02-04 22:31:20,030 - mmcls - INFO - Epoch(val) [39][18]	accuracy_top-1: 96.8531, accuracy_top-5: 100.0000
2023-02-04 22:31:25,467 - mmcls - INFO - Saving checkpoint at 40 epochs
2023-02-04 22:31:26,447 - mmcls - INFO - Epoch(val) [40][18]	accuracy_top-1: 96.3287, accuracy_top-5: 100.0000
2023-02-04 22:31:31,908 - mmcls - INFO - Saving checkpoint at 41 epochs
2023-02-04 22:31:32,880 - mmcls - INFO - Epoch(val) [41][18]	accuracy_top-1: 96.6783, accuracy_top-5: 100.0000
2023-02-04 22:31:38,307 - mmcls - INFO - Saving checkpoint at 42 epochs
2023-02-04 22:31:39,290 - mmcls - INFO - Epoch(val) [42][18]	accuracy_top-1: 96.8531, accuracy_top-5: 100.0000
2023-02-04 22:31:44,792 - mmcls - INFO - Saving checkpoint at 43 epochs
2023-02-04 22:31:45,772 - mmcls - INFO - Epoch(val) [43][18]	accuracy_top-1: 96.3287, accuracy_top-5: 100.0000
2023-02-04 22:31:51,249 - mmcls - INFO - Saving checkpoint at 44 epochs
2023-02-04 22:31:52,222 - mmcls - INFO - Epoch(val) [44][18]	accuracy_top-1: 96.6783, accuracy_top-5: 100.0000
2023-02-04 22:31:57,734 - mmcls - INFO - Saving checkpoint at 45 epochs
2023-02-04 22:31:58,718 - mmcls - INFO - Epoch(val) [45][18]	accuracy_top-1: 96.3287, accuracy_top-5: 100.0000
2023-02-04 22:32:04,219 - mmcls - INFO - Saving checkpoint at 46 epochs
2023-02-04 22:32:05,192 - mmcls - INFO - Epoch(val) [46][18]	accuracy_top-1: 96.6783, accuracy_top-5: 100.0000
2023-02-04 22:32:10,673 - mmcls - INFO - Saving checkpoint at 47 epochs
2023-02-04 22:32:11,650 - mmcls - INFO - Epoch(val) [47][18]	accuracy_top-1: 96.3287, accuracy_top-5: 100.0000
2023-02-04 22:32:17,129 - mmcls - INFO - Saving checkpoint at 48 epochs
2023-02-04 22:32:18,114 - mmcls - INFO - Epoch(val) [48][18]	accuracy_top-1: 96.3287, accuracy_top-5: 100.0000
2023-02-04 22:32:23,658 - mmcls - INFO - Saving checkpoint at 49 epochs
2023-02-04 22:32:24,643 - mmcls - INFO - Epoch(val) [49][18]	accuracy_top-1: 96.1538, accuracy_top-5: 100.0000
2023-02-04 22:32:30,115 - mmcls - INFO - Saving checkpoint at 50 epochs
2023-02-04 22:32:31,092 - mmcls - INFO - Epoch(val) [50][18]	accuracy_top-1: 95.9790, accuracy_top-5: 100.0000
2023-02-04 22:32:36,560 - mmcls - INFO - Saving checkpoint at 51 epochs
2023-02-04 22:32:37,527 - mmcls - INFO - Epoch(val) [51][18]	accuracy_top-1: 96.3287, accuracy_top-5: 100.0000
2023-02-04 22:32:43,012 - mmcls - INFO - Saving checkpoint at 52 epochs
2023-02-04 22:32:43,996 - mmcls - INFO - Epoch(val) [52][18]	accuracy_top-1: 96.8531, accuracy_top-5: 100.0000
2023-02-04 22:32:49,466 - mmcls - INFO - Saving checkpoint at 53 epochs
2023-02-04 22:32:50,439 - mmcls - INFO - Epoch(val) [53][18]	accuracy_top-1: 96.3287, accuracy_top-5: 100.0000
2023-02-04 22:32:55,956 - mmcls - INFO - Saving checkpoint at 54 epochs
2023-02-04 22:32:56,932 - mmcls - INFO - Epoch(val) [54][18]	accuracy_top-1: 96.1538, accuracy_top-5: 100.0000
2023-02-04 22:33:02,413 - mmcls - INFO - Saving checkpoint at 55 epochs
2023-02-04 22:33:03,394 - mmcls - INFO - Epoch(val) [55][18]	accuracy_top-1: 96.6783, accuracy_top-5: 100.0000
2023-02-04 22:33:08,866 - mmcls - INFO - Saving checkpoint at 56 epochs
2023-02-04 22:33:09,837 - mmcls - INFO - Epoch(val) [56][18]	accuracy_top-1: 96.6783, accuracy_top-5: 100.0000
2023-02-04 22:33:15,314 - mmcls - INFO - Saving checkpoint at 57 epochs
2023-02-04 22:33:16,295 - mmcls - INFO - Epoch(val) [57][18]	accuracy_top-1: 96.8531, accuracy_top-5: 100.0000
2023-02-04 22:33:21,737 - mmcls - INFO - Saving checkpoint at 58 epochs
2023-02-04 22:33:22,707 - mmcls - INFO - Epoch(val) [58][18]	accuracy_top-1: 96.1538, accuracy_top-5: 100.0000
2023-02-04 22:33:28,192 - mmcls - INFO - Saving checkpoint at 59 epochs
2023-02-04 22:33:29,170 - mmcls - INFO - Epoch(val) [59][18]	accuracy_top-1: 96.8531, accuracy_top-5: 100.0000
2023-02-04 22:33:34,672 - mmcls - INFO - Saving checkpoint at 60 epochs
2023-02-04 22:33:35,639 - mmcls - INFO - Epoch(val) [60][18]	accuracy_top-1: 96.6783, accuracy_top-5: 100.0000
2023-02-04 22:33:41,122 - mmcls - INFO - Saving checkpoint at 61 epochs
2023-02-04 22:33:42,111 - mmcls - INFO - Epoch(val) [61][18]	accuracy_top-1: 96.5035, accuracy_top-5: 100.0000
2023-02-04 22:33:47,631 - mmcls - INFO - Saving checkpoint at 62 epochs
2023-02-04 22:33:48,659 - mmcls - INFO - Epoch(val) [62][18]	accuracy_top-1: 96.1538, accuracy_top-5: 100.0000
2023-02-04 22:33:54,243 - mmcls - INFO - Saving checkpoint at 63 epochs
2023-02-04 22:33:55,259 - mmcls - INFO - Epoch(val) [63][18]	accuracy_top-1: 96.5035, accuracy_top-5: 100.0000
2023-02-04 22:34:00,861 - mmcls - INFO - Saving checkpoint at 64 epochs
2023-02-04 22:34:01,876 - mmcls - INFO - Epoch(val) [64][18]	accuracy_top-1: 96.5035, accuracy_top-5: 100.0000
2023-02-04 22:34:07,404 - mmcls - INFO - Saving checkpoint at 65 epochs
2023-02-04 22:34:08,406 - mmcls - INFO - Epoch(val) [65][18]	accuracy_top-1: 96.8531, accuracy_top-5: 100.0000
2023-02-04 22:34:13,831 - mmcls - INFO - Saving checkpoint at 66 epochs
2023-02-04 22:34:14,803 - mmcls - INFO - Epoch(val) [66][18]	accuracy_top-1: 96.1538, accuracy_top-5: 100.0000
2023-02-04 22:34:20,210 - mmcls - INFO - Saving checkpoint at 67 epochs
2023-02-04 22:34:21,169 - mmcls - INFO - Epoch(val) [67][18]	accuracy_top-1: 96.8531, accuracy_top-5: 100.0000
2023-02-04 22:34:26,726 - mmcls - INFO - Saving checkpoint at 68 epochs
2023-02-04 22:34:27,724 - mmcls - INFO - Epoch(val) [68][18]	accuracy_top-1: 96.6783, accuracy_top-5: 100.0000
2023-02-04 22:34:33,323 - mmcls - INFO - Saving checkpoint at 69 epochs
2023-02-04 22:34:34,309 - mmcls - INFO - Epoch(val) [69][18]	accuracy_top-1: 96.8531, accuracy_top-5: 100.0000
2023-02-04 22:34:39,765 - mmcls - INFO - Saving checkpoint at 70 epochs
2023-02-04 22:34:40,726 - mmcls - INFO - Epoch(val) [70][18]	accuracy_top-1: 96.3287, accuracy_top-5: 100.0000
2023-02-04 22:34:46,150 - mmcls - INFO - Saving checkpoint at 71 epochs
2023-02-04 22:34:47,109 - mmcls - INFO - Epoch(val) [71][18]	accuracy_top-1: 96.6783, accuracy_top-5: 100.0000
2023-02-04 22:34:52,505 - mmcls - INFO - Saving checkpoint at 72 epochs
2023-02-04 22:34:53,457 - mmcls - INFO - Epoch(val) [72][18]	accuracy_top-1: 96.6783, accuracy_top-5: 100.0000
2023-02-04 22:34:58,893 - mmcls - INFO - Saving checkpoint at 73 epochs
2023-02-04 22:34:59,860 - mmcls - INFO - Epoch(val) [73][18]	accuracy_top-1: 96.3287, accuracy_top-5: 100.0000
2023-02-04 22:35:05,284 - mmcls - INFO - Saving checkpoint at 74 epochs
2023-02-04 22:35:06,239 - mmcls - INFO - Epoch(val) [74][18]	accuracy_top-1: 96.8531, accuracy_top-5: 100.0000
2023-02-04 22:35:11,717 - mmcls - INFO - Saving checkpoint at 75 epochs
2023-02-04 22:35:12,675 - mmcls - INFO - Epoch(val) [75][18]	accuracy_top-1: 96.8531, accuracy_top-5: 100.0000
2023-02-04 22:35:18,132 - mmcls - INFO - Saving checkpoint at 76 epochs
2023-02-04 22:35:19,095 - mmcls - INFO - Epoch(val) [76][18]	accuracy_top-1: 96.6783, accuracy_top-5: 100.0000
2023-02-04 22:35:24,548 - mmcls - INFO - Saving checkpoint at 77 epochs
2023-02-04 22:35:25,516 - mmcls - INFO - Epoch(val) [77][18]	accuracy_top-1: 96.8531, accuracy_top-5: 100.0000
2023-02-04 22:35:30,951 - mmcls - INFO - Saving checkpoint at 78 epochs
2023-02-04 22:35:31,906 - mmcls - INFO - Epoch(val) [78][18]	accuracy_top-1: 96.5035, accuracy_top-5: 100.0000
2023-02-04 22:35:37,334 - mmcls - INFO - Saving checkpoint at 79 epochs
2023-02-04 22:35:38,300 - mmcls - INFO - Epoch(val) [79][18]	accuracy_top-1: 97.2028, accuracy_top-5: 100.0000
2023-02-04 22:35:43,790 - mmcls - INFO - Saving checkpoint at 80 epochs
2023-02-04 22:35:44,753 - mmcls - INFO - Epoch(val) [80][18]	accuracy_top-1: 97.0280, accuracy_top-5: 100.0000
2023-02-04 22:35:50,192 - mmcls - INFO - Saving checkpoint at 81 epochs
2023-02-04 22:35:51,166 - mmcls - INFO - Epoch(val) [81][18]	accuracy_top-1: 96.8531, accuracy_top-5: 100.0000
2023-02-04 22:35:56,581 - mmcls - INFO - Saving checkpoint at 82 epochs
2023-02-04 22:35:57,555 - mmcls - INFO - Epoch(val) [82][18]	accuracy_top-1: 96.6783, accuracy_top-5: 100.0000
2023-02-04 22:36:03,010 - mmcls - INFO - Saving checkpoint at 83 epochs
2023-02-04 22:36:03,973 - mmcls - INFO - Epoch(val) [83][18]	accuracy_top-1: 97.2028, accuracy_top-5: 100.0000
2023-02-04 22:36:09,433 - mmcls - INFO - Saving checkpoint at 84 epochs
2023-02-04 22:36:10,399 - mmcls - INFO - Epoch(val) [84][18]	accuracy_top-1: 97.2028, accuracy_top-5: 100.0000
2023-02-04 22:36:15,911 - mmcls - INFO - Saving checkpoint at 85 epochs
2023-02-04 22:36:16,871 - mmcls - INFO - Epoch(val) [85][18]	accuracy_top-1: 97.0280, accuracy_top-5: 100.0000
2023-02-04 22:36:22,368 - mmcls - INFO - Saving checkpoint at 86 epochs
2023-02-04 22:36:23,328 - mmcls - INFO - Epoch(val) [86][18]	accuracy_top-1: 96.8531, accuracy_top-5: 100.0000
2023-02-04 22:36:28,768 - mmcls - INFO - Saving checkpoint at 87 epochs
2023-02-04 22:36:29,732 - mmcls - INFO - Epoch(val) [87][18]	accuracy_top-1: 97.0280, accuracy_top-5: 100.0000
2023-02-04 22:36:35,128 - mmcls - INFO - Saving checkpoint at 88 epochs
2023-02-04 22:36:36,206 - mmcls - INFO - Epoch(val) [88][18]	accuracy_top-1: 96.6783, accuracy_top-5: 100.0000
2023-02-04 22:36:41,685 - mmcls - INFO - Saving checkpoint at 89 epochs
2023-02-04 22:36:42,661 - mmcls - INFO - Epoch(val) [89][18]	accuracy_top-1: 97.0280, accuracy_top-5: 100.0000
2023-02-04 22:36:48,110 - mmcls - INFO - Saving checkpoint at 90 epochs
2023-02-04 22:36:49,092 - mmcls - INFO - Epoch(val) [90][18]	accuracy_top-1: 97.0280, accuracy_top-5: 100.0000
2023-02-04 22:36:54,585 - mmcls - INFO - Saving checkpoint at 91 epochs
2023-02-04 22:36:55,700 - mmcls - INFO - Epoch(val) [91][18]	accuracy_top-1: 97.0280, accuracy_top-5: 100.0000
2023-02-04 22:37:01,144 - mmcls - INFO - Saving checkpoint at 92 epochs
2023-02-04 22:37:02,110 - mmcls - INFO - Epoch(val) [92][18]	accuracy_top-1: 97.0280, accuracy_top-5: 100.0000
2023-02-04 22:37:07,501 - mmcls - INFO - Saving checkpoint at 93 epochs
2023-02-04 22:37:08,484 - mmcls - INFO - Epoch(val) [93][18]	accuracy_top-1: 96.3287, accuracy_top-5: 100.0000
2023-02-04 22:37:13,862 - mmcls - INFO - Saving checkpoint at 94 epochs
2023-02-04 22:37:14,829 - mmcls - INFO - Epoch(val) [94][18]	accuracy_top-1: 97.0280, accuracy_top-5: 100.0000
2023-02-04 22:37:20,266 - mmcls - INFO - Saving checkpoint at 95 epochs
2023-02-04 22:37:21,223 - mmcls - INFO - Epoch(val) [95][18]	accuracy_top-1: 97.0280, accuracy_top-5: 100.0000
2023-02-04 22:37:26,700 - mmcls - INFO - Saving checkpoint at 96 epochs
2023-02-04 22:37:27,751 - mmcls - INFO - Epoch(val) [96][18]	accuracy_top-1: 97.3776, accuracy_top-5: 100.0000
2023-02-04 22:37:33,152 - mmcls - INFO - Saving checkpoint at 97 epochs
2023-02-04 22:37:34,105 - mmcls - INFO - Epoch(val) [97][18]	accuracy_top-1: 96.5035, accuracy_top-5: 100.0000
2023-02-04 22:37:39,555 - mmcls - INFO - Saving checkpoint at 98 epochs
2023-02-04 22:37:40,540 - mmcls - INFO - Epoch(val) [98][18]	accuracy_top-1: 97.2028, accuracy_top-5: 100.0000
2023-02-04 22:37:45,984 - mmcls - INFO - Saving checkpoint at 99 epochs
2023-02-04 22:37:46,952 - mmcls - INFO - Epoch(val) [99][18]	accuracy_top-1: 97.2028, accuracy_top-5: 100.0000
2023-02-04 22:37:52,365 - mmcls - INFO - Saving checkpoint at 100 epochs
2023-02-04 22:37:53,309 - mmcls - INFO - Epoch(val) [100][18]	accuracy_top-1: 97.3776, accuracy_top-5: 100.0000
